<?xml version="1.0" encoding="UTF-8"?>
<!-- Generated by org.testng.reporters.JUnitXMLReporter -->
<testsuite hostname="DESKTOP-TTO9MBT" name="Test" tests="6" failures="0" timestamp="28 Jun 2017 04:59:50 GMT" time="52.401" errors="0">
  <testcase name="@BeforeMethod beforeEveryTestCase" time="0.0" classname="MavenNew.AmazonPageObjectModel.TestCase2">
    <failure type="java.lang.NullPointerException">
      <![CDATA[java.lang.NullPointerException
	at Activities.RespectiveActivitides.beforeEveryTestCase(RespectiveActivitides.java:40)
	at sun.reflect.NativeMethodAccessorImpl.invoke0(Native Method)
	at sun.reflect.NativeMethodAccessorImpl.invoke(Unknown Source)
	at sun.reflect.DelegatingMethodAccessorImpl.invoke(Unknown Source)
	at java.lang.reflect.Method.invoke(Unknown Source)
	at org.testng.internal.MethodInvocationHelper.invokeMethod(MethodInvocationHelper.java:86)
	at org.testng.internal.Invoker.invokeConfigurationMethod(Invoker.java:514)
	at org.testng.internal.Invoker.invokeConfigurations(Invoker.java:215)
	at org.testng.internal.Invoker.invokeMethod(Invoker.java:589)
	at org.testng.internal.Invoker.invokeTestMethod(Invoker.java:822)
	at org.testng.internal.Invoker.invokeTestMethods(Invoker.java:1130)
	at org.testng.internal.TestMethodWorker.invokeTestMethods(TestMethodWorker.java:129)
	at org.testng.internal.TestMethodWorker.run(TestMethodWorker.java:112)
	at org.testng.TestRunner.privateRun(TestRunner.java:782)
	at org.testng.TestRunner.run(TestRunner.java:632)
	at org.testng.SuiteRunner.runTest(SuiteRunner.java:366)
	at org.testng.SuiteRunner.runSequentially(SuiteRunner.java:361)
	at org.testng.SuiteRunner.privateRun(SuiteRunner.java:319)
	at org.testng.SuiteRunner.run(SuiteRunner.java:268)
	at org.testng.SuiteRunnerWorker.runSuite(SuiteRunnerWorker.java:52)
	at org.testng.SuiteRunnerWorker.run(SuiteRunnerWorker.java:86)
	at org.testng.TestNG.runSuitesSequentially(TestNG.java:1244)
	at org.testng.TestNG.runSuitesLocally(TestNG.java:1169)
	at org.testng.TestNG.run(TestNG.java:1064)
	at org.testng.remote.RemoteTestNG.run(RemoteTestNG.java:113)
	at org.testng.remote.RemoteTestNG.initAndRun(RemoteTestNG.java:206)
	at org.testng.remote.RemoteTestNG.main(RemoteTestNG.java:177)
]]>
    </failure>
  </testcase> <!-- @BeforeMethod beforeEveryTestCase -->
  <testcase name="@AfterMethod afterEveryTestCase" time="0.0" classname="MavenNew.AmazonPageObjectModel.TestCase2">
    <skipped/>
  </testcase> <!-- @AfterMethod afterEveryTestCase -->
  <testcase name="@BeforeMethod beforeEveryTestCase" time="0.0" classname="MavenNew.AmazonPageObjectModel.TestCase3">
    <skipped/>
  </testcase> <!-- @BeforeMethod beforeEveryTestCase -->
  <testcase name="@AfterMethod afterEveryTestCase" time="0.0" classname="MavenNew.AmazonPageObjectModel.TestCase3">
    <skipped/>
  </testcase> <!-- @AfterMethod afterEveryTestCase -->
  <testcase name="@BeforeMethod beforeEveryTestCase" time="0.0" classname="MavenNew.AmazonPageObjectModel.TestCase4">
    <skipped/>
  </testcase> <!-- @BeforeMethod beforeEveryTestCase -->
  <testcase name="@AfterMethod afterEveryTestCase" time="0.0" classname="MavenNew.AmazonPageObjectModel.TestCase4">
    <skipped/>
  </testcase> <!-- @AfterMethod afterEveryTestCase -->
  <testcase name="@BeforeMethod beforeEveryTestCase" time="0.0" classname="MavenNew.AmazonPageObjectModel.TestCase5">
    <skipped/>
  </testcase> <!-- @BeforeMethod beforeEveryTestCase -->
  <testcase name="@AfterMethod afterEveryTestCase" time="0.0" classname="MavenNew.AmazonPageObjectModel.TestCase5">
    <skipped/>
  </testcase> <!-- @AfterMethod afterEveryTestCase -->
  <testcase name="@BeforeMethod beforeEveryTestCase" time="0.0" classname="MavenNew.AmazonPageObjectModel.TestCase6">
    <skipped/>
  </testcase> <!-- @BeforeMethod beforeEveryTestCase -->
  <testcase name="@AfterMethod afterEveryTestCase" time="0.0" classname="MavenNew.AmazonPageObjectModel.TestCase6">
    <skipped/>
  </testcase> <!-- @AfterMethod afterEveryTestCase -->
  <testcase name="@AfterTest finishReport" time="0.0" classname="MavenNew.AmazonPageObjectModel.TestCase1">
    <skipped/>
  </testcase> <!-- @AfterTest finishReport -->
  <testcase name="testCase1" time="10.356" classname="MavenNew.AmazonPageObjectModel.TestCase1"/>
  <testcase name="testCase2" time="0.001" classname="MavenNew.AmazonPageObjectModel.TestCase2">
    <skipped/>
  </testcase> <!-- testCase2 -->
  <testcase name="testCase3" time="0.001" classname="MavenNew.AmazonPageObjectModel.TestCase3">
    <skipped/>
  </testcase> <!-- testCase3 -->
  <testcase name="testCase4" time="0.001" classname="MavenNew.AmazonPageObjectModel.TestCase4">
    <skipped/>
  </testcase> <!-- testCase4 -->
  <testcase name="testCase5" time="0.001" classname="MavenNew.AmazonPageObjectModel.TestCase5">
    <skipped/>
  </testcase> <!-- testCase5 -->
  <testcase name="testCase6" time="0.001" classname="MavenNew.AmazonPageObjectModel.TestCase6">
    <skipped/>
  </testcase> <!-- testCase6 -->
</testsuite> <!-- Test -->
