<?xml version="1.0" encoding="UTF-8"?>
<testng-results skipped="5" failed="0" total="6" passed="1">
  <reporter-output>
  </reporter-output>
  <suite name="Suite" duration-ms="52401" started-at="2017-06-28T04:58:57Z" finished-at="2017-06-28T04:59:49Z">
    <groups>
    </groups>
    <test name="Test" duration-ms="52401" started-at="2017-06-28T04:58:57Z" finished-at="2017-06-28T04:59:49Z">
      <class name="MavenNew.AmazonPageObjectModel.TestCase1">
        <test-method status="PASS" signature="report()[pri:0, instance:MavenNew.AmazonPageObjectModel.TestCase1@3fb6a447]" name="report" is-config="true" duration-ms="429" started-at="2017-06-28T10:28:57Z" finished-at="2017-06-28T10:28:57Z">
          <reporter-output>
          </reporter-output>
        </test-method> <!-- report -->
        <test-method status="PASS" signature="beforeEveryTestCase(java.lang.reflect.Method)[pri:0, instance:MavenNew.AmazonPageObjectModel.TestCase1@3fb6a447]" name="beforeEveryTestCase" is-config="true" duration-ms="36129" started-at="2017-06-28T10:28:58Z" finished-at="2017-06-28T10:29:34Z">
          <params>
            <param index="0">
              <value>
                <![CDATA[public void MavenNew.AmazonPageObjectModel.TestCase1.testCase1(java.lang.String,java.lang.String)]]>
              </value>
            </param>
          </params>
          <reporter-output>
          </reporter-output>
        </test-method> <!-- beforeEveryTestCase -->
        <test-method status="PASS" signature="testCase1(java.lang.String, java.lang.String)[pri:0, instance:MavenNew.AmazonPageObjectModel.TestCase1@3fb6a447]" name="testCase1" duration-ms="10356" started-at="2017-06-28T10:29:34Z" description="Finds if the AmazonHomePage is reachable" finished-at="2017-06-28T10:29:44Z">
          <params>
            <param index="0">
              <value>
                <![CDATA[vivekragu0@gmail.com]]>
              </value>
            </param>
            <param index="1">
              <value>
                <![CDATA[ELEVEN11]]>
              </value>
            </param>
          </params>
          <reporter-output>
          </reporter-output>
        </test-method> <!-- testCase1 -->
        <test-method status="PASS" signature="afterEveryTestCase(org.testng.ITestResult)[pri:0, instance:MavenNew.AmazonPageObjectModel.TestCase1@3fb6a447]" name="afterEveryTestCase" is-config="true" duration-ms="977" started-at="2017-06-28T10:29:44Z" finished-at="2017-06-28T10:29:45Z">
          <params>
            <param index="0">
              <value>
                <![CDATA[[TestResult name=testCase1 status=SUCCESS method=TestCase1.testCase1(java.lang.String, java.lang.String)[pri:0, instance:MavenNew.AmazonPageObjectModel.TestCase1@3fb6a447] output={null}]]]>
              </value>
            </param>
          </params>
          <reporter-output>
          </reporter-output>
        </test-method> <!-- afterEveryTestCase -->
        <test-method status="SKIP" signature="finishReport()[pri:0, instance:MavenNew.AmazonPageObjectModel.TestCase1@3fb6a447]" name="finishReport" is-config="true" duration-ms="0" started-at="2017-06-28T10:29:49Z" finished-at="2017-06-28T10:29:49Z">
          <reporter-output>
          </reporter-output>
        </test-method> <!-- finishReport -->
      </class> <!-- MavenNew.AmazonPageObjectModel.TestCase1 -->
      <class name="MavenNew.AmazonPageObjectModel.TestCase5">
        <test-method status="SKIP" signature="beforeEveryTestCase(java.lang.reflect.Method)[pri:0, instance:MavenNew.AmazonPageObjectModel.TestCase5@73f792cf]" name="beforeEveryTestCase" is-config="true" duration-ms="0" started-at="2017-06-28T10:29:49Z" finished-at="2017-06-28T10:29:49Z">
          <reporter-output>
          </reporter-output>
        </test-method> <!-- beforeEveryTestCase -->
        <test-method status="SKIP" signature="testCase5()[pri:0, instance:MavenNew.AmazonPageObjectModel.TestCase5@73f792cf]" name="testCase5" duration-ms="1" started-at="2017-06-28T10:29:49Z" description="Finds of the PrivacyNotice page is reachable" finished-at="2017-06-28T10:29:49Z">
          <reporter-output>
          </reporter-output>
        </test-method> <!-- testCase5 -->
        <test-method status="SKIP" signature="afterEveryTestCase(org.testng.ITestResult)[pri:0, instance:MavenNew.AmazonPageObjectModel.TestCase5@73f792cf]" name="afterEveryTestCase" is-config="true" duration-ms="0" started-at="2017-06-28T10:29:49Z" finished-at="2017-06-28T10:29:49Z">
          <reporter-output>
          </reporter-output>
        </test-method> <!-- afterEveryTestCase -->
      </class> <!-- MavenNew.AmazonPageObjectModel.TestCase5 -->
      <class name="MavenNew.AmazonPageObjectModel.TestCase4">
        <test-method status="SKIP" signature="beforeEveryTestCase(java.lang.reflect.Method)[pri:0, instance:MavenNew.AmazonPageObjectModel.TestCase4@79698539]" name="beforeEveryTestCase" is-config="true" duration-ms="0" started-at="2017-06-28T10:29:49Z" finished-at="2017-06-28T10:29:49Z">
          <reporter-output>
          </reporter-output>
        </test-method> <!-- beforeEveryTestCase -->
        <test-method status="SKIP" signature="testCase4()[pri:0, instance:MavenNew.AmazonPageObjectModel.TestCase4@79698539]" name="testCase4" duration-ms="1" started-at="2017-06-28T10:29:49Z" description="Finds of the ConditionsOfUse page is reachable" finished-at="2017-06-28T10:29:49Z">
          <reporter-output>
          </reporter-output>
        </test-method> <!-- testCase4 -->
        <test-method status="SKIP" signature="afterEveryTestCase(org.testng.ITestResult)[pri:0, instance:MavenNew.AmazonPageObjectModel.TestCase4@79698539]" name="afterEveryTestCase" is-config="true" duration-ms="0" started-at="2017-06-28T10:29:49Z" finished-at="2017-06-28T10:29:49Z">
          <reporter-output>
          </reporter-output>
        </test-method> <!-- afterEveryTestCase -->
      </class> <!-- MavenNew.AmazonPageObjectModel.TestCase4 -->
      <class name="MavenNew.AmazonPageObjectModel.TestCase3">
        <test-method status="SKIP" signature="beforeEveryTestCase(java.lang.reflect.Method)[pri:0, instance:MavenNew.AmazonPageObjectModel.TestCase3@6b2fad11]" name="beforeEveryTestCase" is-config="true" duration-ms="0" started-at="2017-06-28T10:29:49Z" finished-at="2017-06-28T10:29:49Z">
          <reporter-output>
          </reporter-output>
        </test-method> <!-- beforeEveryTestCase -->
        <test-method status="SKIP" signature="testCase3()[pri:0, instance:MavenNew.AmazonPageObjectModel.TestCase3@6b2fad11]" name="testCase3" duration-ms="1" started-at="2017-06-28T10:29:49Z" description="Finds if the CreateAccount Page is reachable" finished-at="2017-06-28T10:29:49Z">
          <reporter-output>
          </reporter-output>
        </test-method> <!-- testCase3 -->
        <test-method status="SKIP" signature="afterEveryTestCase(org.testng.ITestResult)[pri:0, instance:MavenNew.AmazonPageObjectModel.TestCase3@6b2fad11]" name="afterEveryTestCase" is-config="true" duration-ms="0" started-at="2017-06-28T10:29:49Z" finished-at="2017-06-28T10:29:49Z">
          <reporter-output>
          </reporter-output>
        </test-method> <!-- afterEveryTestCase -->
      </class> <!-- MavenNew.AmazonPageObjectModel.TestCase3 -->
      <class name="MavenNew.AmazonPageObjectModel.TestCase2">
        <test-method status="FAIL" signature="beforeEveryTestCase(java.lang.reflect.Method)[pri:0, instance:MavenNew.AmazonPageObjectModel.TestCase2@79b4d0f]" name="beforeEveryTestCase" is-config="true" duration-ms="0" started-at="2017-06-28T10:29:45Z" finished-at="2017-06-28T10:29:45Z">
          <params>
            <param index="0">
              <value>
                <![CDATA[public void MavenNew.AmazonPageObjectModel.TestCase2.testCase2()]]>
              </value>
            </param>
          </params>
          <exception class="java.lang.NullPointerException">
            <full-stacktrace>
              <![CDATA[java.lang.NullPointerException
	at Activities.RespectiveActivitides.beforeEveryTestCase(RespectiveActivitides.java:40)
	at sun.reflect.NativeMethodAccessorImpl.invoke0(Native Method)
	at sun.reflect.NativeMethodAccessorImpl.invoke(Unknown Source)
	at sun.reflect.DelegatingMethodAccessorImpl.invoke(Unknown Source)
	at java.lang.reflect.Method.invoke(Unknown Source)
	at org.testng.internal.MethodInvocationHelper.invokeMethod(MethodInvocationHelper.java:86)
	at org.testng.internal.Invoker.invokeConfigurationMethod(Invoker.java:514)
	at org.testng.internal.Invoker.invokeConfigurations(Invoker.java:215)
	at org.testng.internal.Invoker.invokeMethod(Invoker.java:589)
	at org.testng.internal.Invoker.invokeTestMethod(Invoker.java:822)
	at org.testng.internal.Invoker.invokeTestMethods(Invoker.java:1130)
	at org.testng.internal.TestMethodWorker.invokeTestMethods(TestMethodWorker.java:129)
	at org.testng.internal.TestMethodWorker.run(TestMethodWorker.java:112)
	at org.testng.TestRunner.privateRun(TestRunner.java:782)
	at org.testng.TestRunner.run(TestRunner.java:632)
	at org.testng.SuiteRunner.runTest(SuiteRunner.java:366)
	at org.testng.SuiteRunner.runSequentially(SuiteRunner.java:361)
	at org.testng.SuiteRunner.privateRun(SuiteRunner.java:319)
	at org.testng.SuiteRunner.run(SuiteRunner.java:268)
	at org.testng.SuiteRunnerWorker.runSuite(SuiteRunnerWorker.java:52)
	at org.testng.SuiteRunnerWorker.run(SuiteRunnerWorker.java:86)
	at org.testng.TestNG.runSuitesSequentially(TestNG.java:1244)
	at org.testng.TestNG.runSuitesLocally(TestNG.java:1169)
	at org.testng.TestNG.run(TestNG.java:1064)
	at org.testng.remote.RemoteTestNG.run(RemoteTestNG.java:113)
	at org.testng.remote.RemoteTestNG.initAndRun(RemoteTestNG.java:206)
	at org.testng.remote.RemoteTestNG.main(RemoteTestNG.java:177)
]]>
            </full-stacktrace>
          </exception> <!-- java.lang.NullPointerException -->
          <reporter-output>
          </reporter-output>
        </test-method> <!-- beforeEveryTestCase -->
        <test-method status="SKIP" signature="testCase2()[pri:0, instance:MavenNew.AmazonPageObjectModel.TestCase2@79b4d0f]" name="testCase2" duration-ms="1" started-at="2017-06-28T10:29:49Z" description="Finds if the ForgotPassword page is reachable" finished-at="2017-06-28T10:29:49Z">
          <reporter-output>
          </reporter-output>
        </test-method> <!-- testCase2 -->
        <test-method status="SKIP" signature="afterEveryTestCase(org.testng.ITestResult)[pri:0, instance:MavenNew.AmazonPageObjectModel.TestCase2@79b4d0f]" name="afterEveryTestCase" is-config="true" duration-ms="0" started-at="2017-06-28T10:29:49Z" finished-at="2017-06-28T10:29:49Z">
          <reporter-output>
          </reporter-output>
        </test-method> <!-- afterEveryTestCase -->
      </class> <!-- MavenNew.AmazonPageObjectModel.TestCase2 -->
      <class name="MavenNew.AmazonPageObjectModel.TestCase6">
        <test-method status="SKIP" signature="beforeEveryTestCase(java.lang.reflect.Method)[pri:0, instance:MavenNew.AmazonPageObjectModel.TestCase6@2ed94a8b]" name="beforeEveryTestCase" is-config="true" duration-ms="0" started-at="2017-06-28T10:29:49Z" finished-at="2017-06-28T10:29:49Z">
          <reporter-output>
          </reporter-output>
        </test-method> <!-- beforeEveryTestCase -->
        <test-method status="SKIP" signature="testCase6()[pri:0, instance:MavenNew.AmazonPageObjectModel.TestCase6@2ed94a8b]" name="testCase6" duration-ms="1" started-at="2017-06-28T10:29:49Z" description="Finds of the HelpPage page is reachable" finished-at="2017-06-28T10:29:49Z">
          <reporter-output>
          </reporter-output>
        </test-method> <!-- testCase6 -->
        <test-method status="SKIP" signature="afterEveryTestCase(org.testng.ITestResult)[pri:0, instance:MavenNew.AmazonPageObjectModel.TestCase6@2ed94a8b]" name="afterEveryTestCase" is-config="true" duration-ms="0" started-at="2017-06-28T10:29:49Z" finished-at="2017-06-28T10:29:49Z">
          <reporter-output>
          </reporter-output>
        </test-method> <!-- afterEveryTestCase -->
      </class> <!-- MavenNew.AmazonPageObjectModel.TestCase6 -->
    </test> <!-- Test -->
  </suite> <!-- Suite -->
</testng-results>
